[2015-11-19 21:11:18] START
[2015-11-19 21:13:59] EDIT KinesioGestion/controllers/default.py: 6
[2015-11-19 21:14:44] EDIT KinesioGestion/controllers/default.py: 80
[2015-11-26 12:30:27] EDIT KinesioGestion/controllers/default.py: 0
[2015-11-26 12:30:44] EDIT KinesioGestion/controllers/default.py: 0
[2015-11-26 12:35:14] EDIT KinesioGestion/controllers/default.py: 0
[2015-11-26 12:36:03] EDIT KinesioGestion/controllers/default.py: 0
[2015-11-26 12:37:13] EDIT KinesioGestion/controllers/default.py: 1
[2015-11-26 12:37:59] EDIT KinesioGestion/controllers/default.py: 0
[2015-11-26 12:38:14] EDIT KinesioGestion/controllers/default.py: 1
[2015-11-26 12:40:13] EDIT KinesioGestion/controllers/default.py: 0
[2015-11-26 12:45:53] EDIT KinesioGestion/controllers/default.py: 0
[2015-11-26 12:46:33] EDIT KinesioGestion/controllers/default.py: 0
[2015-11-26 12:49:27] EDIT KinesioGestion/controllers/default.py: 0
[2015-11-26 12:58:45] EDIT KinesioGestion/views/default/getAllPacientes.html: 1
[2015-11-26 12:59:13] EDIT KinesioGestion/views/default/getAllPacientes.html: 0
[2015-11-26 12:59:32] EDIT KinesioGestion/views/default/getAllPacientes.html: -1
[2016-08-31 21:20:29] EDIT TurnoTaller/controllers/default.py: 0
[2016-08-31 21:21:18] EDIT TurnoTaller/controllers/default.py: 0
[2016-08-31 21:22:05] EDIT TurnoTaller/models/menu.py: 0
[2016-08-31 21:22:18] EDIT TurnoTaller/models/menu.py: 0
[2016-08-31 21:23:08] EDIT TurnoTaller/views/default/getAllPacientes.html: 0
[2016-08-31 21:24:49] EDIT TurnoTaller/views/default/inicio.html: 0
[2016-08-31 21:40:30] EDIT TurnoTaller/views/layout.html: 0
[2016-08-31 21:41:51] EDIT TurnoTaller/views/layout.html: 0
[2016-08-31 21:42:31] EDIT TurnoTaller/views/layout.html: 0
